<?xml version="1.0" encoding="UTF-8"?>
<testsuite xmlns:xsi="http://www.w3.org/2001/XMLSchema-instance" xsi:noNamespaceSchemaLocation="https://maven.apache.org/surefire/maven-surefire-plugin/xsd/surefire-test-report-3.0.xsd" version="3.0" name="ch.epfl.tchu.game.GameStateTest" time="0.018" tests="15" errors="0" skipped="0" failures="1">
  <properties>
    <property name="sun.desktop" value="gnome"/>
    <property name="awt.toolkit" value="sun.awt.X11.XToolkit"/>
    <property name="java.specification.version" value="11"/>
    <property name="sun.cpu.isalist" value=""/>
    <property name="sun.jnu.encoding" value="UTF-8"/>
    <property name="java.class.path" value="/home/hugues/OneDrive/Desktop/Programmation/JAVA/tCHu/target/test-classes:/home/hugues/OneDrive/Desktop/Programmation/JAVA/tCHu/target/classes:/home/hugues/.m2/repository/org/powermock/powermock-api-mockito2/2.0.9/powermock-api-mockito2-2.0.9.jar:/home/hugues/.m2/repository/org/powermock/powermock-api-support/2.0.9/powermock-api-support-2.0.9.jar:/home/hugues/.m2/repository/org/powermock/powermock-reflect/2.0.9/powermock-reflect-2.0.9.jar:/home/hugues/.m2/repository/org/powermock/powermock-core/2.0.9/powermock-core-2.0.9.jar:/home/hugues/.m2/repository/org/javassist/javassist/3.27.0-GA/javassist-3.27.0-GA.jar:/home/hugues/.m2/repository/org/mockito/mockito-core/3.8.0/mockito-core-3.8.0.jar:/home/hugues/.m2/repository/net/bytebuddy/byte-buddy/1.10.20/byte-buddy-1.10.20.jar:/home/hugues/.m2/repository/net/bytebuddy/byte-buddy-agent/1.10.20/byte-buddy-agent-1.10.20.jar:/home/hugues/.m2/repository/org/objenesis/objenesis/3.1/objenesis-3.1.jar:/home/hugues/.m2/repository/org/junit/jupiter/junit-jupiter-engine/5.6.0/junit-jupiter-engine-5.6.0.jar:/home/hugues/.m2/repository/org/apiguardian/apiguardian-api/1.1.0/apiguardian-api-1.1.0.jar:/home/hugues/.m2/repository/org/junit/platform/junit-platform-engine/1.6.0/junit-platform-engine-1.6.0.jar:/home/hugues/.m2/repository/org/opentest4j/opentest4j/1.2.0/opentest4j-1.2.0.jar:/home/hugues/.m2/repository/org/junit/platform/junit-platform-commons/1.6.0/junit-platform-commons-1.6.0.jar:/home/hugues/.m2/repository/org/junit/jupiter/junit-jupiter-api/5.6.0/junit-jupiter-api-5.6.0.jar:"/>
    <property name="java.vm.vendor" value="Ubuntu"/>
    <property name="sun.arch.data.model" value="64"/>
    <property name="java.vendor.url" value="https://ubuntu.com/"/>
    <property name="user.timezone" value=""/>
    <property name="java.vm.specification.version" value="11"/>
    <property name="os.name" value="Linux"/>
    <property name="sun.java.launcher" value="SUN_STANDARD"/>
    <property name="user.country" value="US"/>
    <property name="sun.boot.library.path" value="/usr/lib/jvm/java-11-openjdk-amd64/lib"/>
    <property name="sun.java.command" value="/home/hugues/OneDrive/Desktop/Programmation/JAVA/tCHu/target/surefire/surefirebooter17433812361294331829.jar /home/hugues/OneDrive/Desktop/Programmation/JAVA/tCHu/target/surefire 2021-04-12T16-05-04_810-jvmRun1 surefire13502757257821982498tmp surefire_09074008229889816698tmp"/>
    <property name="jdk.debug" value="release"/>
    <property name="surefire.test.class.path" value="/home/hugues/OneDrive/Desktop/Programmation/JAVA/tCHu/target/test-classes:/home/hugues/OneDrive/Desktop/Programmation/JAVA/tCHu/target/classes:/home/hugues/.m2/repository/org/powermock/powermock-api-mockito2/2.0.9/powermock-api-mockito2-2.0.9.jar:/home/hugues/.m2/repository/org/powermock/powermock-api-support/2.0.9/powermock-api-support-2.0.9.jar:/home/hugues/.m2/repository/org/powermock/powermock-reflect/2.0.9/powermock-reflect-2.0.9.jar:/home/hugues/.m2/repository/org/powermock/powermock-core/2.0.9/powermock-core-2.0.9.jar:/home/hugues/.m2/repository/org/javassist/javassist/3.27.0-GA/javassist-3.27.0-GA.jar:/home/hugues/.m2/repository/org/mockito/mockito-core/3.8.0/mockito-core-3.8.0.jar:/home/hugues/.m2/repository/net/bytebuddy/byte-buddy/1.10.20/byte-buddy-1.10.20.jar:/home/hugues/.m2/repository/net/bytebuddy/byte-buddy-agent/1.10.20/byte-buddy-agent-1.10.20.jar:/home/hugues/.m2/repository/org/objenesis/objenesis/3.1/objenesis-3.1.jar:/home/hugues/.m2/repository/org/junit/jupiter/junit-jupiter-engine/5.6.0/junit-jupiter-engine-5.6.0.jar:/home/hugues/.m2/repository/org/apiguardian/apiguardian-api/1.1.0/apiguardian-api-1.1.0.jar:/home/hugues/.m2/repository/org/junit/platform/junit-platform-engine/1.6.0/junit-platform-engine-1.6.0.jar:/home/hugues/.m2/repository/org/opentest4j/opentest4j/1.2.0/opentest4j-1.2.0.jar:/home/hugues/.m2/repository/org/junit/platform/junit-platform-commons/1.6.0/junit-platform-commons-1.6.0.jar:/home/hugues/.m2/repository/org/junit/jupiter/junit-jupiter-api/5.6.0/junit-jupiter-api-5.6.0.jar:"/>
    <property name="sun.cpu.endian" value="little"/>
    <property name="user.home" value="/home/hugues"/>
    <property name="user.language" value="en"/>
    <property name="java.specification.vendor" value="Oracle Corporation"/>
    <property name="java.version.date" value="2021-01-19"/>
    <property name="java.home" value="/usr/lib/jvm/java-11-openjdk-amd64"/>
    <property name="file.separator" value="/"/>
    <property name="basedir" value="/home/hugues/OneDrive/Desktop/Programmation/JAVA/tCHu"/>
    <property name="java.vm.compressedOopsMode" value="Zero based"/>
    <property name="line.separator" value="&#10;"/>
    <property name="java.specification.name" value="Java Platform API Specification"/>
    <property name="java.vm.specification.vendor" value="Oracle Corporation"/>
    <property name="java.awt.graphicsenv" value="sun.awt.X11GraphicsEnvironment"/>
    <property name="surefire.real.class.path" value="/home/hugues/OneDrive/Desktop/Programmation/JAVA/tCHu/target/surefire/surefirebooter17433812361294331829.jar"/>
    <property name="sun.management.compiler" value="HotSpot 64-Bit Tiered Compilers"/>
    <property name="java.runtime.version" value="11.0.10+9-Ubuntu-0ubuntu1.20.04"/>
    <property name="user.name" value="hugues"/>
    <property name="path.separator" value=":"/>
    <property name="os.version" value="5.8.5-050805-generic"/>
    <property name="java.runtime.name" value="OpenJDK Runtime Environment"/>
    <property name="file.encoding" value="UTF-8"/>
    <property name="java.vm.name" value="OpenJDK 64-Bit Server VM"/>
    <property name="localRepository" value="/home/hugues/.m2/repository"/>
    <property name="java.vendor.url.bug" value="https://bugs.launchpad.net/ubuntu/+source/openjdk-lts"/>
    <property name="java.io.tmpdir" value="/tmp"/>
    <property name="java.version" value="11.0.10"/>
    <property name="user.dir" value="/home/hugues/OneDrive/Desktop/Programmation/JAVA/tCHu"/>
    <property name="os.arch" value="amd64"/>
    <property name="java.vm.specification.name" value="Java Virtual Machine Specification"/>
    <property name="java.awt.printerjob" value="sun.print.PSPrinterJob"/>
    <property name="sun.os.patch.level" value="unknown"/>
    <property name="java.library.path" value="/usr/java/packages/lib:/usr/lib/x86_64-linux-gnu/jni:/lib/x86_64-linux-gnu:/usr/lib/x86_64-linux-gnu:/usr/lib/jni:/lib:/usr/lib"/>
    <property name="java.vm.info" value="mixed mode, sharing"/>
    <property name="java.vendor" value="Ubuntu"/>
    <property name="java.vm.version" value="11.0.10+9-Ubuntu-0ubuntu1.20.04"/>
    <property name="sun.io.unicode.encoding" value="UnicodeLittle"/>
    <property name="java.class.version" value="55.0"/>
  </properties>
  <testcase name="withoutTopCardGameState" classname="ch.epfl.tchu.game.GameStateTest" time="0.001"/>
  <testcase name="withInitiallyChosenTicketsThrowsException" classname="ch.epfl.tchu.game.GameStateTest" time="0.001"/>
  <testcase name="chosenAdditionalTickets" classname="ch.epfl.tchu.game.GameStateTest" time="0">
    <failure type="org.opentest4j.AssertionFailedError"><![CDATA[org.opentest4j.AssertionFailedError: expected: <4> but was: <2>
	at ch.epfl.tchu.game.GameStateTest.chosenAdditionalTickets(GameStateTest.java:186)
]]></failure>
  </testcase>
  <testcase name="withChosenAdditionalTicketFails" classname="ch.epfl.tchu.game.GameStateTest" time="0.002"/>
  <testcase name="topCard" classname="ch.epfl.tchu.game.GameStateTest" time="0.001"/>
  <testcase name="withMoreDiscardedCards" classname="ch.epfl.tchu.game.GameStateTest" time="0.001"/>
  <testcase name="withCardsDeckRecreatedIfNeededFunctions" classname="ch.epfl.tchu.game.GameStateTest" time="0"/>
  <testcase name="topTicketsReturnsCorrectBag" classname="ch.epfl.tchu.game.GameStateTest" time="0.001"/>
  <testcase name="withBlindlyDrawnCard" classname="ch.epfl.tchu.game.GameStateTest" time="0.001"/>
  <testcase name="ForNextTurnWorks" classname="ch.epfl.tchu.game.GameStateTest" time="0.001"/>
  <testcase name="withClaimedRoute" classname="ch.epfl.tchu.game.GameStateTest" time="0.001"/>
  <testcase name="lastTurnBegins" classname="ch.epfl.tchu.game.GameStateTest" time="0.001"/>
  <testcase name="withoutTopTicketsReturnsCorrectBag" classname="ch.epfl.tchu.game.GameStateTest" time="0.002"/>
  <testcase name="withDrawnFaceUpCard" classname="ch.epfl.tchu.game.GameStateTest" time="0"/>
  <testcase name="withInitiallyChosenTicketsWorks" classname="ch.epfl.tchu.game.GameStateTest" time="0"/>
</testsuite>